<?xml version="1.0" encoding="UTF-8"?>
<!-- Generated by org.testng.reporters.JUnitReportReporter -->
<testsuite hostname="Altecs-MBP" failures="0" tests="2" name="tests.NavPageTest" time="22.085" errors="0" timestamp="2023-06-30T18:29:38 IDT" skipped="0">
  <testcase classname="tests.NavPageTest" name="tc02_selectEachLangAndValidate" time="19.483"/>
  <system-out/>
  <testcase classname="tests.NavPageTest" name="tc01_printAllLang" time="2.602"/>
  <system-out/>
</testsuite> <!-- tests.NavPageTest -->
