<?xml version="1.0" encoding="UTF-8"?>
<!-- Generated by org.testng.reporters.JUnitReportReporter -->
<testsuite hostname="Altecs-MBP" failures="0" tests="2" name="tests.NavPageTest" time="19.148" errors="0" timestamp="2023-06-30T18:35:04 IDT" skipped="0">
  <testcase classname="tests.NavPageTest" name="tc02_selectEachLangAndValidate" time="16.620"/>
  <system-out/>
  <testcase classname="tests.NavPageTest" name="tc01_printAllLang" time="2.528"/>
  <system-out/>
</testsuite> <!-- tests.NavPageTest -->
